0 info it worked if it ends with ok
1 verbose cli [ '/Users/elanakopelevich/.nvm/versions/node/v6.9.3/bin/node',
1 verbose cli   '/Users/elanakopelevich/.nvm/versions/node/v6.9.3/bin/npm',
1 verbose cli   'i',
1 verbose cli   '@angular/common@2.2.4',
1 verbose cli   '@angular/compiler@2.2.4',
1 verbose cli   '@angular/core@2.2.4',
1 verbose cli   '@angular/platform-browser',
1 verbose cli   '@2.2.4',
1 verbose cli   '-S' ]
2 info using npm@3.10.10
3 info using node@v6.9.3
4 silly loadCurrentTree Starting
5 silly install loadCurrentTree
6 silly install readLocalPackageData
7 silly fetchPackageMetaData @angular/common@2.2.4
8 silly fetchPackageMetaData @angular/compiler@2.2.4
9 silly fetchPackageMetaData @angular/core@2.2.4
10 silly fetchPackageMetaData @angular/platform-browser@^2.2.4
11 silly fetchPackageMetaData @2.2.4
12 silly fetchNamedPackageData @angular/common
13 silly mapToRegistry name @angular/common
14 silly mapToRegistry scope (from package name) @angular
15 verbose mapToRegistry no registry URL found in name for scope @angular
16 silly mapToRegistry using default registry
17 silly mapToRegistry registry https://registry.npmjs.org/
18 silly mapToRegistry data Result {
18 silly mapToRegistry   raw: '@angular/common',
18 silly mapToRegistry   scope: '@angular',
18 silly mapToRegistry   escapedName: '@angular%2fcommon',
18 silly mapToRegistry   name: '@angular/common',
18 silly mapToRegistry   rawSpec: '',
18 silly mapToRegistry   spec: 'latest',
18 silly mapToRegistry   type: 'tag' }
19 silly mapToRegistry uri https://registry.npmjs.org/@angular%2fcommon
20 silly fetchNamedPackageData @angular/compiler
21 silly mapToRegistry name @angular/compiler
22 silly mapToRegistry scope (from package name) @angular
23 verbose mapToRegistry no registry URL found in name for scope @angular
24 silly mapToRegistry using default registry
25 silly mapToRegistry registry https://registry.npmjs.org/
26 silly mapToRegistry data Result {
26 silly mapToRegistry   raw: '@angular/compiler',
26 silly mapToRegistry   scope: '@angular',
26 silly mapToRegistry   escapedName: '@angular%2fcompiler',
26 silly mapToRegistry   name: '@angular/compiler',
26 silly mapToRegistry   rawSpec: '',
26 silly mapToRegistry   spec: 'latest',
26 silly mapToRegistry   type: 'tag' }
27 silly mapToRegistry uri https://registry.npmjs.org/@angular%2fcompiler
28 silly fetchNamedPackageData @angular/core
29 silly mapToRegistry name @angular/core
30 silly mapToRegistry scope (from package name) @angular
31 verbose mapToRegistry no registry URL found in name for scope @angular
32 silly mapToRegistry using default registry
33 silly mapToRegistry registry https://registry.npmjs.org/
34 silly mapToRegistry data Result {
34 silly mapToRegistry   raw: '@angular/core',
34 silly mapToRegistry   scope: '@angular',
34 silly mapToRegistry   escapedName: '@angular%2fcore',
34 silly mapToRegistry   name: '@angular/core',
34 silly mapToRegistry   rawSpec: '',
34 silly mapToRegistry   spec: 'latest',
34 silly mapToRegistry   type: 'tag' }
35 silly mapToRegistry uri https://registry.npmjs.org/@angular%2fcore
36 silly fetchNamedPackageData @angular/platform-browser
37 silly mapToRegistry name @angular/platform-browser
38 silly mapToRegistry scope (from package name) @angular
39 verbose mapToRegistry no registry URL found in name for scope @angular
40 silly mapToRegistry using default registry
41 silly mapToRegistry registry https://registry.npmjs.org/
42 silly mapToRegistry data Result {
42 silly mapToRegistry   raw: '@angular/platform-browser',
42 silly mapToRegistry   scope: '@angular',
42 silly mapToRegistry   escapedName: '@angular%2fplatform-browser',
42 silly mapToRegistry   name: '@angular/platform-browser',
42 silly mapToRegistry   rawSpec: '',
42 silly mapToRegistry   spec: 'latest',
42 silly mapToRegistry   type: 'tag' }
43 silly mapToRegistry uri https://registry.npmjs.org/@angular%2fplatform-browser
44 silly fetchOtherPackageData @2.2.4
45 silly cache add args [ '@2.2.4', null ]
46 verbose cache add spec @2.2.4
47 silly cache add parsed spec Result {
47 silly cache add   raw: '@2.2.4',
47 silly cache add   scope: null,
47 silly cache add   escapedName: null,
47 silly cache add   name: null,
47 silly cache add   rawSpec: '@2.2.4',
47 silly cache add   spec: '/Users/elanakopelevich/workspace/playground/angular_practice/Angular/PluralSight/ng2-fundamentals/@2.2.4',
47 silly cache add   type: 'local' }
48 error addLocal Could not install /Users/elanakopelevich/workspace/playground/angular_practice/Angular/PluralSight/ng2-fundamentals/@2.2.4
49 silly fetchPackageMetaData Error: ENOENT: no such file or directory, open '/Users/elanakopelevich/workspace/playground/angular_practice/Angular/PluralSight/ng2-fundamentals/@2.2.4'
49 silly fetchPackageMetaData     at Error (native)
49 silly fetchPackageMetaData  error for @2.2.4 { Error: ENOENT: no such file or directory, open '/Users/elanakopelevich/workspace/playground/angular_practice/Angular/PluralSight/ng2-fundamentals/@2.2.4'
49 silly fetchPackageMetaData     at Error (native)
49 silly fetchPackageMetaData   errno: -2,
49 silly fetchPackageMetaData   code: 'ENOENT',
49 silly fetchPackageMetaData   syscall: 'open',
49 silly fetchPackageMetaData   path: '/Users/elanakopelevich/workspace/playground/angular_practice/Angular/PluralSight/ng2-fundamentals/@2.2.4' }
50 verbose request uri https://registry.npmjs.org/@angular%2fcompiler
51 verbose request no auth needed
52 info attempt registry request try #1 at 11:39:47 AM
53 verbose request using bearer token for auth
54 verbose request id 7c3000ad1f4b13e3
55 verbose etag W/"58c30ecf-10fb8"
56 verbose lastModified Fri, 10 Mar 2017 20:38:39 GMT
57 http request GET https://registry.npmjs.org/@angular%2fcompiler
58 verbose request uri https://registry.npmjs.org/@angular%2fplatform-browser
59 verbose request no auth needed
60 info attempt registry request try #1 at 11:39:47 AM
61 verbose request using bearer token for auth
62 verbose etag W/"58c30edd-12b7c"
63 verbose lastModified Fri, 10 Mar 2017 20:38:53 GMT
64 http request GET https://registry.npmjs.org/@angular%2fplatform-browser
65 verbose request uri https://registry.npmjs.org/@angular%2fcommon
66 verbose request no auth needed
67 info attempt registry request try #1 at 11:39:47 AM
68 verbose request using bearer token for auth
69 verbose etag W/"58b0e913-100d1"
70 verbose lastModified Sat, 25 Feb 2017 02:16:51 GMT
71 http request GET https://registry.npmjs.org/@angular%2fcommon
72 verbose request uri https://registry.npmjs.org/@angular%2fcore
73 verbose request no auth needed
74 info attempt registry request try #1 at 11:39:47 AM
75 verbose request using bearer token for auth
76 verbose etag W/"58b0e91e-fdba"
77 verbose lastModified Sat, 25 Feb 2017 02:17:02 GMT
78 http request GET https://registry.npmjs.org/@angular%2fcore
79 http 304 https://registry.npmjs.org/@angular%2fcompiler
80 verbose headers { server: 'nginx/1.10.1',
80 verbose headers   'last-modified': 'Fri, 10 Mar 2017 20:38:39 GMT',
80 verbose headers   etag: '"58c30ecf-10fb8"',
80 verbose headers   'cache-control': 'max-age=0',
80 verbose headers   'accept-ranges': 'bytes',
80 verbose headers   date: 'Mon, 13 Mar 2017 17:39:48 GMT',
80 verbose headers   via: '1.1 varnish',
80 verbose headers   connection: 'keep-alive',
80 verbose headers   'x-served-by': 'cache-den6025-DEN',
80 verbose headers   'x-cache': 'MISS',
80 verbose headers   'x-cache-hits': '0',
80 verbose headers   'x-timer': 'S1489426787.665894,VS0,VE496' }
81 silly get cb [ 304,
81 silly get   { server: 'nginx/1.10.1',
81 silly get     'last-modified': 'Fri, 10 Mar 2017 20:38:39 GMT',
81 silly get     etag: '"58c30ecf-10fb8"',
81 silly get     'cache-control': 'max-age=0',
81 silly get     'accept-ranges': 'bytes',
81 silly get     date: 'Mon, 13 Mar 2017 17:39:48 GMT',
81 silly get     via: '1.1 varnish',
81 silly get     connection: 'keep-alive',
81 silly get     'x-served-by': 'cache-den6025-DEN',
81 silly get     'x-cache': 'MISS',
81 silly get     'x-cache-hits': '0',
81 silly get     'x-timer': 'S1489426787.665894,VS0,VE496' } ]
82 verbose etag https://registry.npmjs.org/@angular%2fcompiler from cache
83 verbose get saving @angular/compiler to /Users/elanakopelevich/.npm/registry.npmjs.org/_40angular_252fcompiler/.cache.json
84 verbose correctMkdir /Users/elanakopelevich/.npm correctMkdir not in flight; initializing
85 http 304 https://registry.npmjs.org/@angular%2fplatform-browser
86 verbose headers { server: 'nginx/1.10.1',
86 verbose headers   'last-modified': 'Fri, 10 Mar 2017 20:38:53 GMT',
86 verbose headers   etag: '"58c30edd-12b7c"',
86 verbose headers   'cache-control': 'max-age=0',
86 verbose headers   'accept-ranges': 'bytes',
86 verbose headers   date: 'Mon, 13 Mar 2017 17:39:48 GMT',
86 verbose headers   via: '1.1 varnish',
86 verbose headers   connection: 'keep-alive',
86 verbose headers   'x-served-by': 'cache-den6022-DEN',
86 verbose headers   'x-cache': 'MISS',
86 verbose headers   'x-cache-hits': '0',
86 verbose headers   'x-timer': 'S1489426787.665682,VS0,VE509' }
87 silly get cb [ 304,
87 silly get   { server: 'nginx/1.10.1',
87 silly get     'last-modified': 'Fri, 10 Mar 2017 20:38:53 GMT',
87 silly get     etag: '"58c30edd-12b7c"',
87 silly get     'cache-control': 'max-age=0',
87 silly get     'accept-ranges': 'bytes',
87 silly get     date: 'Mon, 13 Mar 2017 17:39:48 GMT',
87 silly get     via: '1.1 varnish',
87 silly get     connection: 'keep-alive',
87 silly get     'x-served-by': 'cache-den6022-DEN',
87 silly get     'x-cache': 'MISS',
87 silly get     'x-cache-hits': '0',
87 silly get     'x-timer': 'S1489426787.665682,VS0,VE509' } ]
88 verbose etag https://registry.npmjs.org/@angular%2fplatform-browser from cache
89 verbose get saving @angular/platform-browser to /Users/elanakopelevich/.npm/registry.npmjs.org/_40angular_252fplatform-browser/.cache.json
90 verbose correctMkdir /Users/elanakopelevich/.npm correctMkdir already in flight; waiting
91 http 200 https://registry.npmjs.org/@angular%2fcore
92 verbose headers { 'content-type': 'application/json',
92 verbose headers   server: 'nginx/1.10.1',
92 verbose headers   'last-modified': 'Fri, 10 Mar 2017 20:38:43 GMT',
92 verbose headers   etag: 'W/"58c30ed3-10be4"',
92 verbose headers   'content-encoding': 'gzip',
92 verbose headers   'cache-control': 'max-age=0',
92 verbose headers   'transfer-encoding': 'chunked',
92 verbose headers   'accept-ranges': 'bytes',
92 verbose headers   date: 'Mon, 13 Mar 2017 17:39:48 GMT',
92 verbose headers   via: '1.1 varnish',
92 verbose headers   connection: 'keep-alive',
92 verbose headers   'x-served-by': 'cache-den6020-DEN',
92 verbose headers   'x-cache': 'MISS',
92 verbose headers   'x-cache-hits': '0',
92 verbose headers   'x-timer': 'S1489426787.668564,VS0,VE507',
92 verbose headers   vary: 'Accept-Encoding' }
93 silly get cb [ 200,
93 silly get   { 'content-type': 'application/json',
93 silly get     server: 'nginx/1.10.1',
93 silly get     'last-modified': 'Fri, 10 Mar 2017 20:38:43 GMT',
93 silly get     etag: 'W/"58c30ed3-10be4"',
93 silly get     'content-encoding': 'gzip',
93 silly get     'cache-control': 'max-age=0',
93 silly get     'transfer-encoding': 'chunked',
93 silly get     'accept-ranges': 'bytes',
93 silly get     date: 'Mon, 13 Mar 2017 17:39:48 GMT',
93 silly get     via: '1.1 varnish',
93 silly get     connection: 'keep-alive',
93 silly get     'x-served-by': 'cache-den6020-DEN',
93 silly get     'x-cache': 'MISS',
93 silly get     'x-cache-hits': '0',
93 silly get     'x-timer': 'S1489426787.668564,VS0,VE507',
93 silly get     vary: 'Accept-Encoding' } ]
94 verbose get saving @angular/core to /Users/elanakopelevich/.npm/registry.npmjs.org/_40angular_252fcore/.cache.json
95 verbose correctMkdir /Users/elanakopelevich/.npm correctMkdir not in flight; initializing
96 http 200 https://registry.npmjs.org/@angular%2fcommon
97 verbose headers { 'content-type': 'application/json',
97 verbose headers   server: 'nginx/1.10.1',
97 verbose headers   'last-modified': 'Fri, 10 Mar 2017 20:38:34 GMT',
97 verbose headers   etag: 'W/"58c30eca-10f3f"',
97 verbose headers   'content-encoding': 'gzip',
97 verbose headers   'cache-control': 'max-age=0',
97 verbose headers   'transfer-encoding': 'chunked',
97 verbose headers   'accept-ranges': 'bytes',
97 verbose headers   date: 'Mon, 13 Mar 2017 17:39:48 GMT',
97 verbose headers   via: '1.1 varnish',
97 verbose headers   connection: 'keep-alive',
97 verbose headers   'x-served-by': 'cache-den6024-DEN',
97 verbose headers   'x-cache': 'MISS',
97 verbose headers   'x-cache-hits': '0',
97 verbose headers   'x-timer': 'S1489426787.663992,VS0,VE498',
97 verbose headers   vary: 'Accept-Encoding' }
98 silly get cb [ 200,
98 silly get   { 'content-type': 'application/json',
98 silly get     server: 'nginx/1.10.1',
98 silly get     'last-modified': 'Fri, 10 Mar 2017 20:38:34 GMT',
98 silly get     etag: 'W/"58c30eca-10f3f"',
98 silly get     'content-encoding': 'gzip',
98 silly get     'cache-control': 'max-age=0',
98 silly get     'transfer-encoding': 'chunked',
98 silly get     'accept-ranges': 'bytes',
98 silly get     date: 'Mon, 13 Mar 2017 17:39:48 GMT',
98 silly get     via: '1.1 varnish',
98 silly get     connection: 'keep-alive',
98 silly get     'x-served-by': 'cache-den6024-DEN',
98 silly get     'x-cache': 'MISS',
98 silly get     'x-cache-hits': '0',
98 silly get     'x-timer': 'S1489426787.663992,VS0,VE498',
98 silly get     vary: 'Accept-Encoding' } ]
99 verbose get saving @angular/common to /Users/elanakopelevich/.npm/registry.npmjs.org/_40angular_252fcommon/.cache.json
100 verbose correctMkdir /Users/elanakopelevich/.npm correctMkdir not in flight; initializing
101 silly rollbackFailedOptional Starting
102 silly rollbackFailedOptional Finishing
103 silly runTopLevelLifecycles Finishing
104 silly install printInstalled
105 verbose stack Error: ENOENT: no such file or directory, open '/Users/elanakopelevich/workspace/playground/angular_practice/Angular/PluralSight/ng2-fundamentals/@2.2.4'
105 verbose stack     at Error (native)
106 verbose cwd /Users/elanakopelevich/workspace/playground/angular_practice/Angular/PluralSight/ng2-fundamentals
107 error Darwin 16.4.0
108 error argv "/Users/elanakopelevich/.nvm/versions/node/v6.9.3/bin/node" "/Users/elanakopelevich/.nvm/versions/node/v6.9.3/bin/npm" "i" "@angular/common@2.2.4" "@angular/compiler@2.2.4" "@angular/core@2.2.4" "@angular/platform-browser" "@2.2.4" "-S"
109 error node v6.9.3
110 error npm  v3.10.10
111 error path /Users/elanakopelevich/workspace/playground/angular_practice/Angular/PluralSight/ng2-fundamentals/@2.2.4
112 error code ENOENT
113 error errno -2
114 error syscall open
115 error enoent ENOENT: no such file or directory, open '/Users/elanakopelevich/workspace/playground/angular_practice/Angular/PluralSight/ng2-fundamentals/@2.2.4'
116 error enoent ENOENT: no such file or directory, open '/Users/elanakopelevich/workspace/playground/angular_practice/Angular/PluralSight/ng2-fundamentals/@2.2.4'
116 error enoent This is most likely not a problem with npm itself
116 error enoent and is related to npm not being able to find a file.
117 verbose exit [ -2, true ]
